M.CONFIG: JPEG (libjpeg)	enabled       (NETSURF_USE_JPEG := YES)
M.CONFIG: PDF export (haru)	disabled      (NETSURF_USE_HARU_PDF := NO)
M.CONFIG: glibc internal iconv	enabled       (NETSURF_USE_LIBICONV_PLUG := YES)
M.CONFIG: Javascript (Duktape)	enabled       (NETSURF_USE_DUKTAPE := YES)
PKG.CNFG: CSS (libcss)	enabled
PKG.CNFG: DOM (libdom)	enabled
PKG.CNFG: nsutils (libnsutils)	enabled
M.CONFIG: Curl (libcurl)	enabled       (NETSURF_USE_CURL := YES)
M.CONFIG: OpenSSL (openssl)	auto-enabled  (NETSURF_USE_OPENSSL := AUTO)
M.CONFIG: utf8 (libutf8proc)	enabled       (NETSURF_USE_UTF8PROC := YES)
M.CONFIG: JPEGXL (libjxl)	auto-disabled (NETSURF_USE_JPEGXL := AUTO)
M.CONFIG: WEBP (libwebp)	auto-disabled (NETSURF_USE_WEBP := AUTO)
M.CONFIG: PNG (libpng)	auto-enabled  (NETSURF_USE_PNG := AUTO)
M.CONFIG: BMP (libnsbmp)	auto-enabled  (NETSURF_USE_BMP := AUTO)
M.CONFIG: GIF (libnsgif)	auto-enabled  (NETSURF_USE_GIF := AUTO)
M.CONFIG: SVG (libsvgtiny)	auto-enabled  (NETSURF_USE_NSSVG := AUTO)
M.CONFIG: Sprite (librosprite)	auto-enabled  (NETSURF_USE_ROSPRITE := AUTO)
M.CONFIG: PSL (libnspsl)	auto-enabled  (NETSURF_USE_NSPSL := AUTO)
M.CONFIG: LOG (libnslog)	auto-enabled  (NETSURF_USE_NSLOG := AUTO)
M.CONFIG: SVG (librsvg-2.0)	auto-disabled (NETSURF_USE_RSVG := AUTO)
M.CONFIG: Video (gstreamer-0.10)	disabled      (NETSURF_USE_VIDEO := NO)
PKG.CNFG: GTK-3 (gtk+-3.0)	failed
frontends/gtk/Makefile:54: *** Unable to find library for: GTK-3 (gtk+-3.0).  Stop.
